Using pre-set license
Built from '2020.2/release' branch; Version is '2020.2.1f1 (270dd8c3da1c) revision 2559448'; Using compiler version '192528614'; Build Type 'Release'
OS: 'Windows 10  (10.0.0) 64bit' Language: 'ko' Physical Memory: 16322 MB
BatchMode: 1, IsHumanControllingUs: 0, StartBugReporterOnCrash: 0, Is64bit: 1, IsPro: 0

 COMMAND LINE ARGUMENTS:
C:\Program Files\Unity\Hub\Editor\2020.2.1f1\Editor\Unity.exe
-adb2
-batchMode
-noUpm
-name
AssetImportWorker0
-projectPath
C:/Users/Taeyang/Desktop/Tiler-Client
-logFile
Logs/AssetImportWorker0.log
-srvPort
1151
Successfully changed project path to: C:/Users/Taeyang/Desktop/Tiler-Client
C:/Users/Taeyang/Desktop/Tiler-Client
Using Asset Import Pipeline V2.
Refreshing native plugins compatible for Editor in 22.99 ms, found 0 plugins.
Preloading 0 native plugins for Editor in 0.00 ms.
Initialize engine version: 2020.2.1f1 (270dd8c3da1c)
[Subsystems] Discovering subsystems at path C:/Program Files/Unity/Hub/Editor/2020.2.1f1/Editor/Data/Resources/UnitySubsystems
[Subsystems] Discovering subsystems at path C:/Users/Taeyang/Desktop/Tiler-Client/Assets
GfxDevice: creating device client; threaded=0
Direct3D:
    Version:  Direct3D 11.0 [level 11.1]
    Renderer: NVIDIA GeForce RTX 3080 (ID=0x2206)
    Vendor:   
    VRAM:     10078 MB
    Driver:   27.21.14.6089
Initialize mono
Mono path[0] = 'C:/Program Files/Unity/Hub/Editor/2020.2.1f1/Editor/Data/Managed'
Mono path[1] = 'C:/Program Files/Unity/Hub/Editor/2020.2.1f1/Editor/Data/MonoBleedingEdge/lib/mono/unityjit'
Mono config path = 'C:/Program Files/Unity/Hub/Editor/2020.2.1f1/Editor/Data/MonoBleedingEdge/etc'
Using monoOptions --debugger-agent=transport=dt_socket,embedding=1,server=y,suspend=n,address=127.0.0.1:56776
Begin MonoManager ReloadAssembly
Registering precompiled unity dll's ...
Register platform support module: C:/Program Files/Unity/Hub/Editor/2020.2.1f1/Editor/Data/PlaybackEngines/WindowsStandaloneSupport/UnityEditor.WindowsStandalone.Extensions.dll
Registered in 0.001187 seconds.
Native extension for WindowsStandalone target not found
Refreshing native plugins compatible for Editor in 21.98 ms, found 0 plugins.
Preloading 0 native plugins for Editor in 0.00 ms.
Invoked RoslynAnalysisRunner static constructor.
RoslynAnalysisRunner will not be running.
RoslynAnalysisRunner has terminated.
Mono: successfully reloaded assembly
- Completed reload, in  0.998 seconds
Platform modules already initialized, skipping
Registering precompiled user dll's ...
Registered in 0.000489 seconds.
Begin MonoManager ReloadAssembly
Native extension for WindowsStandalone target not found
Refreshing native plugins compatible for Editor in 0.24 ms, found 0 plugins.
Preloading 0 native plugins for Editor in 0.00 ms.
Invoked RoslynAnalysisRunner static constructor.
RoslynAnalysisRunner will not be running.
RoslynAnalysisRunner has terminated.
Mono: successfully reloaded assembly
- Completed reload, in  0.635 seconds
Platform modules already initialized, skipping
========================================================================
Worker process is ready to serve import requests
Launched and connected shader compiler UnityShaderCompiler.exe after 0.03 seconds
Refreshing native plugins compatible for Editor in 0.26 ms, found 0 plugins.
Preloading 0 native plugins for Editor in 0.00 ms.
Unloading 1135 Unused Serialized files (Serialized files now loaded: 0)
System memory in use before: 57.3 MB.
System memory in use after: 57.3 MB.

Unloading 9 unused Assets to reduce memory usage. Loaded Objects now: 1576.
Total: 1.623400 ms (FindLiveObjects: 0.127500 ms CreateObjectMapping: 0.042800 ms MarkObjects: 1.400400 ms  DeleteObjects: 0.052000 ms)

========================================================================
Received Import Request.
  path: Assets/Scripts/InGame/MainCamera.cs
  artifactKey: Guid(f9f629620ff660d43ae7fffc5092c39e) Importer(815301076,1909f56bfc062723c751e8b465ee728b)
Start importing Assets/Scripts/InGame/MainCamera.cs using Guid(f9f629620ff660d43ae7fffc5092c39e) Importer(815301076,1909f56bfc062723c751e8b465ee728b)  -> (artifact id: '131e3358d82e3c2ef878ac97f1a7d632') in 0.064592 seconds
  Import took 0.066166 seconds .

========================================================================
Received Import Request.
  Time since last request: 388.852779 seconds.
  path: Assets/Sprites
  artifactKey: Guid(bfbe964c0ae408f44943f096879f5d57) Importer(815301076,1909f56bfc062723c751e8b465ee728b)
Start importing Assets/Sprites using Guid(bfbe964c0ae408f44943f096879f5d57) Importer(815301076,1909f56bfc062723c751e8b465ee728b)  -> (artifact id: '7bf1c7b54c2d65f11eb6140f2cf594e1') in 0.018466 seconds
  Import took 0.020354 seconds .

========================================================================
Received Import Request.
  Time since last request: 35.771141 seconds.
  path: Assets/Sprites/hexagon-pack/PNG/Tiles/Dirt
  artifactKey: Guid(945c07f71cf8fe544855bece9a156cba) Importer(815301076,1909f56bfc062723c751e8b465ee728b)
Start importing Assets/Sprites/hexagon-pack/PNG/Tiles/Dirt using Guid(945c07f71cf8fe544855bece9a156cba) Importer(815301076,1909f56bfc062723c751e8b465ee728b)  -> (artifact id: 'e9eb21e3bbfeed92c401c8011587a6e7') in 0.003757 seconds
  Import took 0.005675 seconds .

========================================================================
Received Import Request.
  Time since last request: 0.002263 seconds.
  path: Assets/Sprites/hexagon-pack/PNG/Tiles/Dirt
  artifactKey: Guid(945c07f71cf8fe544855bece9a156cba) Importer(815301076,1909f56bfc062723c751e8b465ee728b)
Start importing Assets/Sprites/hexagon-pack/PNG/Tiles/Dirt using Guid(945c07f71cf8fe544855bece9a156cba) Importer(815301076,1909f56bfc062723c751e8b465ee728b)  -> (artifact id: 'e9eb21e3bbfeed92c401c8011587a6e7') in 0.002955 seconds
  Import took 0.004727 seconds .

========================================================================
Received Import Request.
  Time since last request: 54.729926 seconds.
  path: Assets/Sprites/hexagon-pack/PNG/Tiles/Mars
  artifactKey: Guid(18f651082e3572d43a84312b446008a3) Importer(815301076,1909f56bfc062723c751e8b465ee728b)
Start importing Assets/Sprites/hexagon-pack/PNG/Tiles/Mars using Guid(18f651082e3572d43a84312b446008a3) Importer(815301076,1909f56bfc062723c751e8b465ee728b)  -> (artifact id: '48f451525e3a8a9d583295ed2106255b') in 0.003928 seconds
  Import took 0.005508 seconds .

========================================================================
Received Import Request.
  Time since last request: 0.002381 seconds.
  path: Assets/Sprites/hexagon-pack/PNG/Tiles/Mars
  artifactKey: Guid(18f651082e3572d43a84312b446008a3) Importer(815301076,1909f56bfc062723c751e8b465ee728b)
Start importing Assets/Sprites/hexagon-pack/PNG/Tiles/Mars using Guid(18f651082e3572d43a84312b446008a3) Importer(815301076,1909f56bfc062723c751e8b465ee728b)  -> (artifact id: '48f451525e3a8a9d583295ed2106255b') in 0.002260 seconds
  Import took 0.003692 seconds .

AssetImportWorkerClient::OnTransportError - code=2 error=End of file
